<?xml version="1.0" encoding="UTF-8"?>
<testsuite xmlns:xsi="http://www.w3.org/2001/XMLSchema-instance" xsi:noNamespaceSchemaLocation="https://maven.apache.org/surefire/maven-surefire-plugin/xsd/surefire-test-report.xsd" name="UserTest" time="0.004" tests="0" errors="0" skipped="0" failures="0">
  <properties>
    <property name="sun.desktop" value="windows"/>
    <property name="awt.toolkit" value="sun.awt.windows.WToolkit"/>
    <property name="file.encoding.pkg" value="sun.io"/>
    <property name="java.specification.version" value="1.8"/>
    <property name="sun.cpu.isalist" value="amd64"/>
    <property name="sun.jnu.encoding" value="GBK"/>
    <property name="java.class.path" value="D:\ideaworkspacem\ideaworkspacemsboot\work-attendance\target\test-classes;D:\ideaworkspacem\ideaworkspacemsboot\work-attendance\target\classes;D:\mvn\mvn_reps\org\springframework\spring-core\4.1.4.RELEASE\spring-core-4.1.4.RELEASE.jar;D:\mvn\mvn_reps\commons-logging\commons-logging\1.2\commons-logging-1.2.jar;D:\mvn\mvn_reps\org\springframework\spring-context\4.1.4.RELEASE\spring-context-4.1.4.RELEASE.jar;D:\mvn\mvn_reps\org\springframework\spring-beans\4.1.4.RELEASE\spring-beans-4.1.4.RELEASE.jar;D:\mvn\mvn_reps\org\springframework\spring-expression\4.1.4.RELEASE\spring-expression-4.1.4.RELEASE.jar;D:\mvn\mvn_reps\org\springframework\spring-tx\4.1.4.RELEASE\spring-tx-4.1.4.RELEASE.jar;D:\mvn\mvn_reps\org\springframework\spring-jdbc\4.1.4.RELEASE\spring-jdbc-4.1.4.RELEASE.jar;D:\mvn\mvn_reps\org\springframework\spring-test\4.1.4.RELEASE\spring-test-4.1.4.RELEASE.jar;D:\mvn\mvn_reps\org\springframework\spring-web\4.1.4.RELEASE\spring-web-4.1.4.RELEASE.jar;D:\mvn\mvn_reps\org\springframework\spring-webmvc\4.1.4.RELEASE\spring-webmvc-4.1.4.RELEASE.jar;D:\mvn\mvn_reps\org\springframework\spring-aop\4.1.4.RELEASE\spring-aop-4.1.4.RELEASE.jar;D:\mvn\mvn_reps\aopalliance\aopalliance\1.0\aopalliance-1.0.jar;D:\mvn\mvn_reps\org\springframework\spring-context-support\4.1.4.RELEASE\spring-context-support-4.1.4.RELEASE.jar;D:\mvn\mvn_reps\org\aspectj\aspectjweaver\1.8.5\aspectjweaver-1.8.5.jar;D:\mvn\mvn_reps\org\mybatis\mybatis\3.3.0\mybatis-3.3.0.jar;D:\mvn\mvn_reps\org\mybatis\mybatis-spring\1.2.2\mybatis-spring-1.2.2.jar;D:\mvn\mvn_reps\javax\servlet\javax.servlet-api\3.0.1\javax.servlet-api-3.0.1.jar;D:\mvn\mvn_reps\javax\servlet\jsp\javax.servlet.jsp-api\2.3.2-b01\javax.servlet.jsp-api-2.3.2-b01.jar;D:\mvn\mvn_reps\javax\servlet\jstl\1.2\jstl-1.2.jar;D:\mvn\mvn_reps\mysql\mysql-connector-java\5.1.34\mysql-connector-java-5.1.34.jar;D:\mvn\mvn_reps\com\alibaba\druid\1.0.12\druid-1.0.12.jar;D:\java\jdk1.8.0_161\jre\..\lib\jconsole.jar;D:\java\jdk1.8.0_161\jre\..\lib\tools.jar;D:\mvn\mvn_reps\log4j\log4j\1.2.17\log4j-1.2.17.jar;D:\mvn\mvn_reps\com\alibaba\fastjson\1.1.41\fastjson-1.1.41.jar;D:\mvn\mvn_reps\org\slf4j\slf4j-api\1.7.7\slf4j-api-1.7.7.jar;D:\mvn\mvn_reps\org\slf4j\slf4j-log4j12\1.7.7\slf4j-log4j12-1.7.7.jar;D:\mvn\mvn_reps\org\codehaus\jackson\jackson-mapper-asl\1.9.13\jackson-mapper-asl-1.9.13.jar;D:\mvn\mvn_reps\org\codehaus\jackson\jackson-core-asl\1.9.13\jackson-core-asl-1.9.13.jar;D:\mvn\mvn_reps\commons-fileupload\commons-fileupload\1.3.1\commons-fileupload-1.3.1.jar;D:\mvn\mvn_reps\commons-io\commons-io\2.4\commons-io-2.4.jar;D:\mvn\mvn_reps\commons-codec\commons-codec\1.9\commons-codec-1.9.jar;D:\mvn\mvn_reps\org\apache\velocity\velocity\1.7\velocity-1.7.jar;D:\mvn\mvn_reps\commons-collections\commons-collections\3.2.1\commons-collections-3.2.1.jar;D:\mvn\mvn_reps\commons-lang\commons-lang\2.4\commons-lang-2.4.jar;D:\mvn\mvn_reps\org\apache\velocity\velocity-tools\2.0\velocity-tools-2.0.jar;D:\mvn\mvn_reps\commons-beanutils\commons-beanutils\1.7.0\commons-beanutils-1.7.0.jar;D:\mvn\mvn_reps\commons-digester\commons-digester\1.8\commons-digester-1.8.jar;D:\mvn\mvn_reps\commons-chain\commons-chain\1.1\commons-chain-1.1.jar;D:\mvn\mvn_reps\commons-validator\commons-validator\1.3.1\commons-validator-1.3.1.jar;D:\mvn\mvn_reps\dom4j\dom4j\1.1\dom4j-1.1.jar;D:\mvn\mvn_reps\oro\oro\2.0.8\oro-2.0.8.jar;D:\mvn\mvn_reps\sslext\sslext\1.2-0\sslext-1.2-0.jar;D:\mvn\mvn_reps\org\apache\struts\struts-core\1.3.8\struts-core-1.3.8.jar;D:\mvn\mvn_reps\antlr\antlr\2.7.2\antlr-2.7.2.jar;D:\mvn\mvn_reps\org\apache\struts\struts-taglib\1.3.8\struts-taglib-1.3.8.jar;D:\mvn\mvn_reps\org\apache\struts\struts-tiles\1.3.8\struts-tiles-1.3.8.jar;"/>
    <property name="java.vm.vendor" value="Oracle Corporation"/>
    <property name="sun.arch.data.model" value="64"/>
    <property name="user.variant" value=""/>
    <property name="java.vendor.url" value="http://java.oracle.com/"/>
    <property name="user.timezone" value=""/>
    <property name="java.vm.specification.version" value="1.8"/>
    <property name="os.name" value="Windows 10"/>
    <property name="user.country" value="CN"/>
    <property name="sun.java.launcher" value="SUN_STANDARD"/>
    <property name="sun.boot.library.path" value="D:\java\jdk1.8.0_161\jre\bin"/>
    <property name="sun.java.command" value="C:\Users\hp\AppData\Local\Temp\surefire7024776410443145565\surefirebooter8726993953342054459.jar C:\Users\hp\AppData\Local\Temp\surefire7024776410443145565 2018-09-09T01-04-52_408-jvmRun1 surefire4868915598702202636tmp surefire_02881784278361268849tmp"/>
    <property name="surefire.test.class.path" value="D:\ideaworkspacem\ideaworkspacemsboot\work-attendance\target\test-classes;D:\ideaworkspacem\ideaworkspacemsboot\work-attendance\target\classes;D:\mvn\mvn_reps\org\springframework\spring-core\4.1.4.RELEASE\spring-core-4.1.4.RELEASE.jar;D:\mvn\mvn_reps\commons-logging\commons-logging\1.2\commons-logging-1.2.jar;D:\mvn\mvn_reps\org\springframework\spring-context\4.1.4.RELEASE\spring-context-4.1.4.RELEASE.jar;D:\mvn\mvn_reps\org\springframework\spring-beans\4.1.4.RELEASE\spring-beans-4.1.4.RELEASE.jar;D:\mvn\mvn_reps\org\springframework\spring-expression\4.1.4.RELEASE\spring-expression-4.1.4.RELEASE.jar;D:\mvn\mvn_reps\org\springframework\spring-tx\4.1.4.RELEASE\spring-tx-4.1.4.RELEASE.jar;D:\mvn\mvn_reps\org\springframework\spring-jdbc\4.1.4.RELEASE\spring-jdbc-4.1.4.RELEASE.jar;D:\mvn\mvn_reps\org\springframework\spring-test\4.1.4.RELEASE\spring-test-4.1.4.RELEASE.jar;D:\mvn\mvn_reps\org\springframework\spring-web\4.1.4.RELEASE\spring-web-4.1.4.RELEASE.jar;D:\mvn\mvn_reps\org\springframework\spring-webmvc\4.1.4.RELEASE\spring-webmvc-4.1.4.RELEASE.jar;D:\mvn\mvn_reps\org\springframework\spring-aop\4.1.4.RELEASE\spring-aop-4.1.4.RELEASE.jar;D:\mvn\mvn_reps\aopalliance\aopalliance\1.0\aopalliance-1.0.jar;D:\mvn\mvn_reps\org\springframework\spring-context-support\4.1.4.RELEASE\spring-context-support-4.1.4.RELEASE.jar;D:\mvn\mvn_reps\org\aspectj\aspectjweaver\1.8.5\aspectjweaver-1.8.5.jar;D:\mvn\mvn_reps\org\mybatis\mybatis\3.3.0\mybatis-3.3.0.jar;D:\mvn\mvn_reps\org\mybatis\mybatis-spring\1.2.2\mybatis-spring-1.2.2.jar;D:\mvn\mvn_reps\javax\servlet\javax.servlet-api\3.0.1\javax.servlet-api-3.0.1.jar;D:\mvn\mvn_reps\javax\servlet\jsp\javax.servlet.jsp-api\2.3.2-b01\javax.servlet.jsp-api-2.3.2-b01.jar;D:\mvn\mvn_reps\javax\servlet\jstl\1.2\jstl-1.2.jar;D:\mvn\mvn_reps\mysql\mysql-connector-java\5.1.34\mysql-connector-java-5.1.34.jar;D:\mvn\mvn_reps\com\alibaba\druid\1.0.12\druid-1.0.12.jar;D:\java\jdk1.8.0_161\jre\..\lib\jconsole.jar;D:\java\jdk1.8.0_161\jre\..\lib\tools.jar;D:\mvn\mvn_reps\log4j\log4j\1.2.17\log4j-1.2.17.jar;D:\mvn\mvn_reps\com\alibaba\fastjson\1.1.41\fastjson-1.1.41.jar;D:\mvn\mvn_reps\org\slf4j\slf4j-api\1.7.7\slf4j-api-1.7.7.jar;D:\mvn\mvn_reps\org\slf4j\slf4j-log4j12\1.7.7\slf4j-log4j12-1.7.7.jar;D:\mvn\mvn_reps\org\codehaus\jackson\jackson-mapper-asl\1.9.13\jackson-mapper-asl-1.9.13.jar;D:\mvn\mvn_reps\org\codehaus\jackson\jackson-core-asl\1.9.13\jackson-core-asl-1.9.13.jar;D:\mvn\mvn_reps\commons-fileupload\commons-fileupload\1.3.1\commons-fileupload-1.3.1.jar;D:\mvn\mvn_reps\commons-io\commons-io\2.4\commons-io-2.4.jar;D:\mvn\mvn_reps\commons-codec\commons-codec\1.9\commons-codec-1.9.jar;D:\mvn\mvn_reps\org\apache\velocity\velocity\1.7\velocity-1.7.jar;D:\mvn\mvn_reps\commons-collections\commons-collections\3.2.1\commons-collections-3.2.1.jar;D:\mvn\mvn_reps\commons-lang\commons-lang\2.4\commons-lang-2.4.jar;D:\mvn\mvn_reps\org\apache\velocity\velocity-tools\2.0\velocity-tools-2.0.jar;D:\mvn\mvn_reps\commons-beanutils\commons-beanutils\1.7.0\commons-beanutils-1.7.0.jar;D:\mvn\mvn_reps\commons-digester\commons-digester\1.8\commons-digester-1.8.jar;D:\mvn\mvn_reps\commons-chain\commons-chain\1.1\commons-chain-1.1.jar;D:\mvn\mvn_reps\commons-validator\commons-validator\1.3.1\commons-validator-1.3.1.jar;D:\mvn\mvn_reps\dom4j\dom4j\1.1\dom4j-1.1.jar;D:\mvn\mvn_reps\oro\oro\2.0.8\oro-2.0.8.jar;D:\mvn\mvn_reps\sslext\sslext\1.2-0\sslext-1.2-0.jar;D:\mvn\mvn_reps\org\apache\struts\struts-core\1.3.8\struts-core-1.3.8.jar;D:\mvn\mvn_reps\antlr\antlr\2.7.2\antlr-2.7.2.jar;D:\mvn\mvn_reps\org\apache\struts\struts-taglib\1.3.8\struts-taglib-1.3.8.jar;D:\mvn\mvn_reps\org\apache\struts\struts-tiles\1.3.8\struts-tiles-1.3.8.jar;"/>
    <property name="sun.cpu.endian" value="little"/>
    <property name="user.home" value="C:\Users\hp"/>
    <property name="user.language" value="zh"/>
    <property name="java.specification.vendor" value="Oracle Corporation"/>
    <property name="java.home" value="D:\java\jdk1.8.0_161\jre"/>
    <property name="basedir" value="D:\ideaworkspacem\ideaworkspacemsboot\work-attendance"/>
    <property name="file.separator" value="\"/>
    <property name="line.separator" value="&#10;"/>
    <property name="java.vm.specification.vendor" value="Oracle Corporation"/>
    <property name="java.specification.name" value="Java Platform API Specification"/>
    <property name="java.awt.graphicsenv" value="sun.awt.Win32GraphicsEnvironment"/>
    <property name="surefire.real.class.path" value="C:\Users\hp\AppData\Local\Temp\surefire7024776410443145565\surefirebooter8726993953342054459.jar"/>
    <property name="sun.boot.class.path" value="D:\java\jdk1.8.0_161\jre\lib\resources.jar;D:\java\jdk1.8.0_161\jre\lib\rt.jar;D:\java\jdk1.8.0_161\jre\lib\sunrsasign.jar;D:\java\jdk1.8.0_161\jre\lib\jsse.jar;D:\java\jdk1.8.0_161\jre\lib\jce.jar;D:\java\jdk1.8.0_161\jre\lib\charsets.jar;D:\java\jdk1.8.0_161\jre\lib\jfr.jar;D:\java\jdk1.8.0_161\jre\classes"/>
    <property name="user.script" value=""/>
    <property name="sun.management.compiler" value="HotSpot 64-Bit Tiered Compilers"/>
    <property name="java.runtime.version" value="1.8.0_161-b12"/>
    <property name="user.name" value="hp"/>
    <property name="path.separator" value=";"/>
    <property name="os.version" value="10.0"/>
    <property name="java.endorsed.dirs" value="D:\java\jdk1.8.0_161\jre\lib\endorsed"/>
    <property name="java.runtime.name" value="Java(TM) SE Runtime Environment"/>
    <property name="file.encoding" value="GBK"/>
    <property name="java.vm.name" value="Java HotSpot(TM) 64-Bit Server VM"/>
    <property name="localRepository" value="D:\mvn\mvn_reps"/>
    <property name="java.vendor.url.bug" value="http://bugreport.sun.com/bugreport/"/>
    <property name="java.io.tmpdir" value="C:\Users\hp\AppData\Local\Temp\"/>
    <property name="java.version" value="1.8.0_161"/>
    <property name="user.dir" value="D:\ideaworkspacem\ideaworkspacemsboot\work-attendance"/>
    <property name="os.arch" value="amd64"/>
    <property name="java.vm.specification.name" value="Java Virtual Machine Specification"/>
    <property name="java.awt.printerjob" value="sun.awt.windows.WPrinterJob"/>
    <property name="sun.os.patch.level" value=""/>
    <property name="java.library.path" value="D:\java\jdk1.8.0_161\jre\bin;C:\WINDOWS\Sun\Java\bin;C:\WINDOWS\system32;C:\WINDOWS;C:\ProgramData\Oracle\Java\javapath;C:\Program Files (x86)\Intel\iCLS Client\;C:\Program Files\Intel\iCLS Client\;C:\windows\system32;C:\windows;C:\windows\System32\Wbem;C:\windows\System32\WindowsPowerShell\v1.0\;C:\Program Files (x86)\Intel\Intel(R) Management Engine Components\DAL;C:\Program Files\Intel\Intel(R) Management Engine Components\DAL;C:\Program Files (x86)\Intel\Intel(R) Management Engine Components\IPT;C:\Program Files\Intel\Intel(R) Management Engine Components\IPT;C:\Program Files (x86)\NVIDIA Corporation\PhysX\Common;D:\java\jdk1.8.0_161\bin;D:\apache-maven-3.3.9\bin;D:\Git\Git\cmd;D:\nodejs\;D:\zookeeper-install\bin;D:\zookeeper-install\conf;;C:\WINDOWS\system32;C:\WINDOWS;C:\WINDOWS\System32\Wbem;C:\WINDOWS\System32\WindowsPowerShell\v1.0\;C:\WINDOWS\System32\OpenSSH\;C:\Program Files\Intel\WiFi\bin\;C:\Program Files\Common Files\Intel\WirelessCommon\;D:\TortoiseSVN\bin;C:\Users\hp\AppData\Local\Microsoft\WindowsApps;C:\Users\hp\AppData\Roaming\npm;;."/>
    <property name="java.vm.info" value="mixed mode"/>
    <property name="java.vendor" value="Oracle Corporation"/>
    <property name="java.vm.version" value="25.161-b12"/>
    <property name="java.ext.dirs" value="D:\java\jdk1.8.0_161\jre\lib\ext;C:\WINDOWS\Sun\Java\lib\ext"/>
    <property name="sun.io.unicode.encoding" value="UnicodeLittle"/>
    <property name="java.class.version" value="52.0"/>
  </properties>
</testsuite>